{"C:\\Users\\nfior\\OneDrive\\Desktop\\Nicolò\\Ingegneria\\3° anno\\teamUp\\backend\\config.js": {"path":"C:\\Users\\nfior\\OneDrive\\Desktop\\Nicolò\\Ingegneria\\3° anno\\teamUp\\backend\\config.js","statementMap":{"0":{"start":{"line":1,"column":14},"end":{"line":1,"column":32}},"1":{"start":{"line":2,"column":0},"end":{"line":2,"column":16}},"2":{"start":{"line":4,"column":0},"end":{"line":23,"column":1}}},"fnMap":{},"branchMap":{"0":{"loc":{"start":{"line":5,"column":14},"end":{"line":5,"column":51}},"type":"binary-expr","locations":[{"start":{"line":5,"column":14},"end":{"line":5,"column":34}},{"start":{"line":5,"column":38},"end":{"line":5,"column":51}}],"line":5},"1":{"loc":{"start":{"line":7,"column":10},"end":{"line":7,"column":34}},"type":"binary-expr","locations":[{"start":{"line":7,"column":10},"end":{"line":7,"column":26}},{"start":{"line":7,"column":30},"end":{"line":7,"column":34}}],"line":7},"2":{"loc":{"start":{"line":8,"column":16},"end":{"line":8,"column":46}},"type":"binary-expr","locations":[{"start":{"line":8,"column":16},"end":{"line":8,"column":38}},{"start":{"line":8,"column":42},"end":{"line":8,"column":46}}],"line":8},"3":{"loc":{"start":{"line":9,"column":10},"end":{"line":9,"column":41}},"type":"binary-expr","locations":[{"start":{"line":9,"column":10},"end":{"line":9,"column":26}},{"start":{"line":9,"column":30},"end":{"line":9,"column":41}}],"line":9},"4":{"loc":{"start":{"line":11,"column":18},"end":{"line":11,"column":67}},"type":"binary-expr","locations":[{"start":{"line":11,"column":18},"end":{"line":11,"column":42}},{"start":{"line":11,"column":46},"end":{"line":11,"column":67}}],"line":11},"5":{"loc":{"start":{"line":15,"column":16},"end":{"line":15,"column":76}},"type":"binary-expr","locations":[{"start":{"line":15,"column":16},"end":{"line":15,"column":38}},{"start":{"line":15,"column":42},"end":{"line":15,"column":76}}],"line":15},"6":{"loc":{"start":{"line":17,"column":19},"end":{"line":17,"column":50}},"type":"binary-expr","locations":[{"start":{"line":17,"column":19},"end":{"line":17,"column":44}},{"start":{"line":17,"column":48},"end":{"line":17,"column":50}}],"line":17},"7":{"loc":{"start":{"line":18,"column":20},"end":{"line":18,"column":52}},"type":"binary-expr","locations":[{"start":{"line":18,"column":20},"end":{"line":18,"column":46}},{"start":{"line":18,"column":50},"end":{"line":18,"column":52}}],"line":18},"8":{"loc":{"start":{"line":19,"column":20},"end":{"line":19,"column":52}},"type":"binary-expr","locations":[{"start":{"line":19,"column":20},"end":{"line":19,"column":46}},{"start":{"line":19,"column":50},"end":{"line":19,"column":52}}],"line":19},"9":{"loc":{"start":{"line":20,"column":16},"end":{"line":20,"column":44}},"type":"binary-expr","locations":[{"start":{"line":20,"column":16},"end":{"line":20,"column":38}},{"start":{"line":20,"column":42},"end":{"line":20,"column":44}}],"line":20},"10":{"loc":{"start":{"line":22,"column":17},"end":{"line":22,"column":48}},"type":"binary-expr","locations":[{"start":{"line":22,"column":17},"end":{"line":22,"column":40}},{"start":{"line":22,"column":44},"end":{"line":22,"column":48}}],"line":22}},"s":{"0":1,"1":1,"2":1},"f":{},"b":{"0":[1,0],"1":[1,1],"2":[1,1],"3":[1,1],"4":[1,1],"5":[1,1],"6":[1,1],"7":[1,1],"8":[1,1],"9":[1,1],"10":[1,1]},"_coverageSchema":"1a1c01bbd47fc00a2c39e90264f33305004495a9","hash":"606f6d03c96327948de2c08dd4e47d4e5e286926"}
,"C:\\Users\\nfior\\OneDrive\\Desktop\\Nicolò\\Ingegneria\\3° anno\\teamUp\\backend\\server.js": {"path":"C:\\Users\\nfior\\OneDrive\\Desktop\\Nicolò\\Ingegneria\\3° anno\\teamUp\\backend\\server.js","statementMap":{"0":{"start":{"line":1,"column":15},"end":{"line":1,"column":34}},"1":{"start":{"line":2,"column":12},"end":{"line":2,"column":28}},"2":{"start":{"line":3,"column":13},"end":{"line":3,"column":33}},"3":{"start":{"line":6,"column":10},"end":{"line":6,"column":19}},"4":{"start":{"line":8,"column":16},"end":{"line":10,"column":1}},"5":{"start":{"line":12,"column":0},"end":{"line":12,"column":27}},"6":{"start":{"line":14,"column":17},"end":{"line":14,"column":52}},"7":{"start":{"line":15,"column":26},"end":{"line":15,"column":58}},"8":{"start":{"line":16,"column":18},"end":{"line":16,"column":43}},"9":{"start":{"line":18,"column":0},"end":{"line":18,"column":24}},"10":{"start":{"line":20,"column":0},"end":{"line":20,"column":45}},"11":{"start":{"line":22,"column":0},"end":{"line":22,"column":27}},"12":{"start":{"line":23,"column":0},"end":{"line":23,"column":45}},"13":{"start":{"line":24,"column":0},"end":{"line":24,"column":29}},"14":{"start":{"line":25,"column":0},"end":{"line":25,"column":91}},"15":{"start":{"line":25,"column":25},"end":{"line":25,"column":90}},"16":{"start":{"line":27,"column":10},"end":{"line":27,"column":29}},"17":{"start":{"line":29,"column":14},"end":{"line":29,"column":21}},"18":{"start":{"line":31,"column":0},"end":{"line":39,"column":2}},"19":{"start":{"line":34,"column":4},"end":{"line":34,"column":52}},"20":{"start":{"line":37,"column":4},"end":{"line":37,"column":21}},"21":{"start":{"line":38,"column":4},"end":{"line":38,"column":19}},"22":{"start":{"line":41,"column":11},"end":{"line":41,"column":34}},"23":{"start":{"line":45,"column":0},"end":{"line":47,"column":2}},"24":{"start":{"line":46,"column":4},"end":{"line":46,"column":53}},"25":{"start":{"line":49,"column":0},"end":{"line":49,"column":20}}},"fnMap":{"0":{"name":"(anonymous_0)","decl":{"start":{"line":25,"column":14},"end":{"line":25,"column":15}},"loc":{"start":{"line":25,"column":25},"end":{"line":25,"column":90}},"line":25},"1":{"name":"(anonymous_1)","decl":{"start":{"line":33,"column":8},"end":{"line":33,"column":9}},"loc":{"start":{"line":33,"column":12},"end":{"line":36,"column":1}},"line":33},"2":{"name":"(anonymous_2)","decl":{"start":{"line":36,"column":9},"end":{"line":36,"column":10}},"loc":{"start":{"line":36,"column":14},"end":{"line":39,"column":1}},"line":36},"3":{"name":"(anonymous_3)","decl":{"start":{"line":45,"column":16},"end":{"line":45,"column":17}},"loc":{"start":{"line":45,"column":20},"end":{"line":47,"column":1}},"line":45}},"branchMap":{"0":{"loc":{"start":{"line":41,"column":11},"end":{"line":41,"column":34}},"type":"binary-expr","locations":[{"start":{"line":41,"column":11},"end":{"line":41,"column":27}},{"start":{"line":41,"column":30},"end":{"line":41,"column":34}}],"line":41}},"s":{"0":1,"1":1,"2":1,"3":1,"4":1,"5":1,"6":1,"7":1,"8":1,"9":1,"10":1,"11":1,"12":1,"13":1,"14":1,"15":0,"16":1,"17":1,"18":1,"19":1,"20":0,"21":0,"22":1,"23":1,"24":1,"25":1},"f":{"0":0,"1":1,"2":0,"3":1},"b":{"0":[1,1]},"_coverageSchema":"1a1c01bbd47fc00a2c39e90264f33305004495a9","hash":"4789413be09b76111423f4f067ea56abc62ab457"}
,"C:\\Users\\nfior\\OneDrive\\Desktop\\Nicolò\\Ingegneria\\3° anno\\teamUp\\backend\\controllers\\controllerCampo.js": {"path":"C:\\Users\\nfior\\OneDrive\\Desktop\\Nicolò\\Ingegneria\\3° anno\\teamUp\\backend\\controllers\\controllerCampo.js","statementMap":{"0":{"start":{"line":1,"column":14},"end":{"line":1,"column":41}},"1":{"start":{"line":2,"column":14},"end":{"line":2,"column":41}},"2":{"start":{"line":3,"column":13},"end":{"line":3,"column":39}},"3":{"start":{"line":4,"column":20},"end":{"line":4,"column":53}},"4":{"start":{"line":7,"column":0},"end":{"line":36,"column":1}},"5":{"start":{"line":12,"column":48},"end":{"line":12,"column":56}},"6":{"start":{"line":13,"column":4},"end":{"line":35,"column":5}},"7":{"start":{"line":14,"column":25},"end":{"line":14,"column":58}},"8":{"start":{"line":15,"column":8},"end":{"line":30,"column":83}},"9":{"start":{"line":17,"column":28},"end":{"line":21,"column":14}},"10":{"start":{"line":22,"column":28},"end":{"line":22,"column":72}},"11":{"start":{"line":23,"column":12},"end":{"line":26,"column":13}},"12":{"start":{"line":25,"column":16},"end":{"line":25,"column":105}},"13":{"start":{"line":27,"column":12},"end":{"line":27,"column":39}},"14":{"start":{"line":28,"column":30},"end":{"line":28,"column":45}},"15":{"start":{"line":29,"column":12},"end":{"line":29,"column":87}},"16":{"start":{"line":30,"column":14},"end":{"line":30,"column":83}},"17":{"start":{"line":33,"column":8},"end":{"line":33,"column":26}},"18":{"start":{"line":34,"column":8},"end":{"line":34,"column":61}},"19":{"start":{"line":38,"column":0},"end":{"line":62,"column":1}},"20":{"start":{"line":39,"column":24},"end":{"line":39,"column":32}},"21":{"start":{"line":41,"column":4},"end":{"line":61,"column":5}},"22":{"start":{"line":43,"column":26},"end":{"line":51,"column":13}},"23":{"start":{"line":53,"column":8},"end":{"line":55,"column":9}},"24":{"start":{"line":54,"column":12},"end":{"line":54,"column":88}},"25":{"start":{"line":56,"column":8},"end":{"line":56,"column":78}},"26":{"start":{"line":59,"column":8},"end":{"line":59,"column":27}},"27":{"start":{"line":60,"column":8},"end":{"line":60,"column":61}},"28":{"start":{"line":64,"column":0},"end":{"line":73,"column":1}},"29":{"start":{"line":65,"column":4},"end":{"line":72,"column":9}},"30":{"start":{"line":66,"column":21},"end":{"line":66,"column":65}},"31":{"start":{"line":67,"column":8},"end":{"line":67,"column":26}},"32":{"start":{"line":68,"column":8},"end":{"line":68,"column":61}},"33":{"start":{"line":71,"column":12},"end":{"line":71,"column":64}}},"fnMap":{"0":{"name":"(anonymous_0)","decl":{"start":{"line":7,"column":24},"end":{"line":7,"column":25}},"loc":{"start":{"line":7,"column":41},"end":{"line":36,"column":1}},"line":7},"1":{"name":"(anonymous_1)","decl":{"start":{"line":38,"column":30},"end":{"line":38,"column":31}},"loc":{"start":{"line":38,"column":47},"end":{"line":62,"column":1}},"line":38},"2":{"name":"(anonymous_2)","decl":{"start":{"line":64,"column":21},"end":{"line":64,"column":22}},"loc":{"start":{"line":64,"column":38},"end":{"line":73,"column":1}},"line":64}},"branchMap":{"0":{"loc":{"start":{"line":15,"column":8},"end":{"line":30,"column":83}},"type":"if","locations":[{"start":{"line":15,"column":8},"end":{"line":30,"column":83}},{"start":{"line":30,"column":14},"end":{"line":30,"column":83}}],"line":15},"1":{"loc":{"start":{"line":23,"column":12},"end":{"line":26,"column":13}},"type":"if","locations":[{"start":{"line":23,"column":12},"end":{"line":26,"column":13}},{"start":{},"end":{}}],"line":23},"2":{"loc":{"start":{"line":53,"column":8},"end":{"line":55,"column":9}},"type":"if","locations":[{"start":{"line":53,"column":8},"end":{"line":55,"column":9}},{"start":{},"end":{}}],"line":53}},"s":{"0":1,"1":1,"2":1,"3":1,"4":1,"5":0,"6":0,"7":0,"8":0,"9":0,"10":0,"11":0,"12":0,"13":0,"14":0,"15":0,"16":0,"17":0,"18":0,"19":1,"20":0,"21":0,"22":0,"23":0,"24":0,"25":0,"26":0,"27":0,"28":1,"29":0,"30":0,"31":0,"32":0,"33":0},"f":{"0":0,"1":0,"2":0},"b":{"0":[0,0],"1":[0,0],"2":[0,0]},"_coverageSchema":"1a1c01bbd47fc00a2c39e90264f33305004495a9","hash":"3a4862c1e58fb3b980290e318baa7a0fffa4d4c5"}
,"C:\\Users\\nfior\\OneDrive\\Desktop\\Nicolò\\Ingegneria\\3° anno\\teamUp\\backend\\controllers\\controllerPrenotazione.js": {"path":"C:\\Users\\nfior\\OneDrive\\Desktop\\Nicolò\\Ingegneria\\3° anno\\teamUp\\backend\\controllers\\controllerPrenotazione.js","statementMap":{"0":{"start":{"line":2,"column":20},"end":{"line":2,"column":53}},"1":{"start":{"line":3,"column":13},"end":{"line":3,"column":39}},"2":{"start":{"line":4,"column":14},"end":{"line":4,"column":41}},"3":{"start":{"line":5,"column":14},"end":{"line":5,"column":31}},"4":{"start":{"line":7,"column":0},"end":{"line":50,"column":4}},"5":{"start":{"line":9,"column":47},"end":{"line":9,"column":55}},"6":{"start":{"line":10,"column":4},"end":{"line":49,"column":5}},"7":{"start":{"line":12,"column":8},"end":{"line":14,"column":9}},"8":{"start":{"line":13,"column":12},"end":{"line":13,"column":86}},"9":{"start":{"line":16,"column":25},"end":{"line":16,"column":64}},"10":{"start":{"line":18,"column":8},"end":{"line":20,"column":9}},"11":{"start":{"line":19,"column":12},"end":{"line":19,"column":114}},"12":{"start":{"line":23,"column":33},"end":{"line":28,"column":10}},"13":{"start":{"line":29,"column":26},"end":{"line":29,"column":68}},"14":{"start":{"line":30,"column":8},"end":{"line":46,"column":9}},"15":{"start":{"line":32,"column":12},"end":{"line":32,"column":115}},"16":{"start":{"line":35,"column":12},"end":{"line":35,"column":48}},"17":{"start":{"line":37,"column":12},"end":{"line":37,"column":59}},"18":{"start":{"line":39,"column":12},"end":{"line":39,"column":60}},"19":{"start":{"line":40,"column":12},"end":{"line":40,"column":30}},"20":{"start":{"line":41,"column":12},"end":{"line":41,"column":29}},"21":{"start":{"line":43,"column":12},"end":{"line":43,"column":37}},"22":{"start":{"line":45,"column":12},"end":{"line":45,"column":111}},"23":{"start":{"line":48,"column":8},"end":{"line":48,"column":61}},"24":{"start":{"line":52,"column":0},"end":{"line":70,"column":1}},"25":{"start":{"line":53,"column":19},"end":{"line":53,"column":27}},"26":{"start":{"line":54,"column":4},"end":{"line":69,"column":5}},"27":{"start":{"line":55,"column":26},"end":{"line":59,"column":6}},"28":{"start":{"line":60,"column":8},"end":{"line":65,"column":9}},"29":{"start":{"line":61,"column":12},"end":{"line":61,"column":90}},"30":{"start":{"line":64,"column":12},"end":{"line":64,"column":82}},"31":{"start":{"line":68,"column":8},"end":{"line":68,"column":61}}},"fnMap":{"0":{"name":"(anonymous_0)","decl":{"start":{"line":7,"column":27},"end":{"line":7,"column":28}},"loc":{"start":{"line":7,"column":47},"end":{"line":50,"column":3}},"line":7},"1":{"name":"(anonymous_1)","decl":{"start":{"line":52,"column":31},"end":{"line":52,"column":32}},"loc":{"start":{"line":52,"column":48},"end":{"line":70,"column":1}},"line":52}},"branchMap":{"0":{"loc":{"start":{"line":12,"column":8},"end":{"line":14,"column":9}},"type":"if","locations":[{"start":{"line":12,"column":8},"end":{"line":14,"column":9}},{"start":{},"end":{}}],"line":12},"1":{"loc":{"start":{"line":12,"column":11},"end":{"line":12,"column":59}},"type":"binary-expr","locations":[{"start":{"line":12,"column":11},"end":{"line":12,"column":17}},{"start":{"line":12,"column":21},"end":{"line":12,"column":28}},{"start":{"line":12,"column":32},"end":{"line":12,"column":37}},{"start":{"line":12,"column":41},"end":{"line":12,"column":48}},{"start":{"line":12,"column":52},"end":{"line":12,"column":59}}],"line":12},"2":{"loc":{"start":{"line":18,"column":8},"end":{"line":20,"column":9}},"type":"if","locations":[{"start":{"line":18,"column":8},"end":{"line":20,"column":9}},{"start":{},"end":{}}],"line":18},"3":{"loc":{"start":{"line":30,"column":8},"end":{"line":46,"column":9}},"type":"if","locations":[{"start":{"line":30,"column":8},"end":{"line":46,"column":9}},{"start":{"line":33,"column":13},"end":{"line":46,"column":9}}],"line":30},"4":{"loc":{"start":{"line":60,"column":8},"end":{"line":65,"column":9}},"type":"if","locations":[{"start":{"line":60,"column":8},"end":{"line":65,"column":9}},{"start":{"line":63,"column":12},"end":{"line":65,"column":9}}],"line":60}},"s":{"0":1,"1":1,"2":1,"3":1,"4":1,"5":0,"6":0,"7":0,"8":0,"9":0,"10":0,"11":0,"12":0,"13":0,"14":0,"15":0,"16":0,"17":0,"18":0,"19":0,"20":0,"21":0,"22":0,"23":0,"24":1,"25":0,"26":0,"27":0,"28":0,"29":0,"30":0,"31":0},"f":{"0":0,"1":0},"b":{"0":[0,0],"1":[0,0,0,0,0],"2":[0,0],"3":[0,0],"4":[0,0]},"_coverageSchema":"1a1c01bbd47fc00a2c39e90264f33305004495a9","hash":"1353d2861f5af2e1deffe14913c0fc85345b0dda"}
,"C:\\Users\\nfior\\OneDrive\\Desktop\\Nicolò\\Ingegneria\\3° anno\\teamUp\\backend\\controllers\\controllerUtente.js": {"path":"C:\\Users\\nfior\\OneDrive\\Desktop\\Nicolò\\Ingegneria\\3° anno\\teamUp\\backend\\controllers\\controllerUtente.js","statementMap":{"0":{"start":{"line":1,"column":12},"end":{"line":1,"column":35}},"1":{"start":{"line":2,"column":15},"end":{"line":2,"column":35}},"2":{"start":{"line":3,"column":13},"end":{"line":3,"column":40}},"3":{"start":{"line":4,"column":18},"end":{"line":4,"column":36}},"4":{"start":{"line":7,"column":0},"end":{"line":39,"column":1}},"5":{"start":{"line":10,"column":50},"end":{"line":10,"column":58}},"6":{"start":{"line":11,"column":4},"end":{"line":11,"column":39}},"7":{"start":{"line":14,"column":4},"end":{"line":16,"column":5}},"8":{"start":{"line":15,"column":8},"end":{"line":15,"column":90}},"9":{"start":{"line":18,"column":4},"end":{"line":38,"column":5}},"10":{"start":{"line":19,"column":26},"end":{"line":19,"column":62}},"11":{"start":{"line":20,"column":8},"end":{"line":22,"column":9}},"12":{"start":{"line":21,"column":12},"end":{"line":21,"column":91}},"13":{"start":{"line":26,"column":25},"end":{"line":30,"column":10}},"14":{"start":{"line":31,"column":8},"end":{"line":33,"column":37}},"15":{"start":{"line":32,"column":12},"end":{"line":32,"column":36}},"16":{"start":{"line":33,"column":14},"end":{"line":33,"column":37}},"17":{"start":{"line":34,"column":27},"end":{"line":34,"column":49}},"18":{"start":{"line":35,"column":8},"end":{"line":35,"column":65}},"19":{"start":{"line":37,"column":8},"end":{"line":37,"column":59}},"20":{"start":{"line":41,"column":0},"end":{"line":83,"column":1}},"21":{"start":{"line":42,"column":4},"end":{"line":42,"column":45}},"22":{"start":{"line":43,"column":31},"end":{"line":43,"column":39}},"23":{"start":{"line":44,"column":4},"end":{"line":44,"column":36}},"24":{"start":{"line":47,"column":4},"end":{"line":48,"column":91}},"25":{"start":{"line":48,"column":8},"end":{"line":48,"column":91}},"26":{"start":{"line":50,"column":4},"end":{"line":82,"column":5}},"27":{"start":{"line":52,"column":23},"end":{"line":52,"column":61}},"28":{"start":{"line":56,"column":8},"end":{"line":57,"column":90}},"29":{"start":{"line":57,"column":12},"end":{"line":57,"column":90}},"30":{"start":{"line":60,"column":33},"end":{"line":60,"column":69}},"31":{"start":{"line":62,"column":8},"end":{"line":63,"column":91}},"32":{"start":{"line":63,"column":12},"end":{"line":63,"column":91}},"33":{"start":{"line":66,"column":22},"end":{"line":76,"column":14}},"34":{"start":{"line":78,"column":8},"end":{"line":78,"column":61}},"35":{"start":{"line":81,"column":8},"end":{"line":81,"column":68}},"36":{"start":{"line":86,"column":0},"end":{"line":134,"column":1}},"37":{"start":{"line":87,"column":4},"end":{"line":87,"column":57}},"38":{"start":{"line":88,"column":18},"end":{"line":88,"column":26}},"39":{"start":{"line":91,"column":4},"end":{"line":92,"column":81}},"40":{"start":{"line":92,"column":8},"end":{"line":92,"column":81}},"41":{"start":{"line":94,"column":4},"end":{"line":133,"column":5}},"42":{"start":{"line":96,"column":20},"end":{"line":96,"column":55}},"43":{"start":{"line":97,"column":8},"end":{"line":99,"column":9}},"44":{"start":{"line":98,"column":12},"end":{"line":98,"column":92}},"45":{"start":{"line":102,"column":26},"end":{"line":102,"column":64}},"46":{"start":{"line":104,"column":8},"end":{"line":104,"column":95}},"47":{"start":{"line":107,"column":8},"end":{"line":107,"column":61}},"48":{"start":{"line":109,"column":8},"end":{"line":109,"column":26}},"49":{"start":{"line":110,"column":25},"end":{"line":110,"column":97}},"50":{"start":{"line":112,"column":24},"end":{"line":115,"column":62}},"51":{"start":{"line":117,"column":12},"end":{"line":130,"column":13}},"52":{"start":{"line":118,"column":16},"end":{"line":122,"column":18}},"53":{"start":{"line":123,"column":16},"end":{"line":123,"column":86}},"54":{"start":{"line":126,"column":16},"end":{"line":126,"column":53}},"55":{"start":{"line":127,"column":16},"end":{"line":127,"column":56}},"56":{"start":{"line":128,"column":16},"end":{"line":128,"column":34}},"57":{"start":{"line":129,"column":16},"end":{"line":129,"column":67}},"58":{"start":{"line":132,"column":8},"end":{"line":132,"column":57}},"59":{"start":{"line":137,"column":0},"end":{"line":167,"column":1}},"60":{"start":{"line":140,"column":43},"end":{"line":140,"column":51}},"61":{"start":{"line":143,"column":4},"end":{"line":145,"column":5}},"62":{"start":{"line":144,"column":8},"end":{"line":144,"column":94}},"63":{"start":{"line":146,"column":4},"end":{"line":165,"column":5}},"64":{"start":{"line":147,"column":24},"end":{"line":147,"column":59}},"65":{"start":{"line":149,"column":8},"end":{"line":151,"column":9}},"66":{"start":{"line":150,"column":12},"end":{"line":150,"column":74}},"67":{"start":{"line":152,"column":31},"end":{"line":152,"column":72}},"68":{"start":{"line":154,"column":8},"end":{"line":156,"column":9}},"69":{"start":{"line":155,"column":12},"end":{"line":155,"column":97}},"70":{"start":{"line":158,"column":8},"end":{"line":158,"column":38}},"71":{"start":{"line":160,"column":8},"end":{"line":160,"column":30}},"72":{"start":{"line":162,"column":8},"end":{"line":162,"column":89}},"73":{"start":{"line":164,"column":8},"end":{"line":164,"column":56}},"74":{"start":{"line":169,"column":0},"end":{"line":183,"column":1}},"75":{"start":{"line":170,"column":20},"end":{"line":170,"column":28}},"76":{"start":{"line":171,"column":4},"end":{"line":182,"column":5}},"77":{"start":{"line":172,"column":8},"end":{"line":174,"column":9}},"78":{"start":{"line":173,"column":12},"end":{"line":173,"column":93}},"79":{"start":{"line":175,"column":26},"end":{"line":175,"column":68}},"80":{"start":{"line":176,"column":8},"end":{"line":178,"column":9}},"81":{"start":{"line":177,"column":12},"end":{"line":177,"column":100}},"82":{"start":{"line":179,"column":8},"end":{"line":179,"column":65}},"83":{"start":{"line":181,"column":8},"end":{"line":181,"column":60}}},"fnMap":{"0":{"name":"(anonymous_0)","decl":{"start":{"line":7,"column":29},"end":{"line":7,"column":30}},"loc":{"start":{"line":7,"column":46},"end":{"line":39,"column":1}},"line":7},"1":{"name":"(anonymous_1)","decl":{"start":{"line":41,"column":22},"end":{"line":41,"column":23}},"loc":{"start":{"line":41,"column":42},"end":{"line":83,"column":1}},"line":41},"2":{"name":"(anonymous_2)","decl":{"start":{"line":86,"column":26},"end":{"line":86,"column":27}},"loc":{"start":{"line":86,"column":43},"end":{"line":134,"column":1}},"line":86},"3":{"name":"(anonymous_3)","decl":{"start":{"line":137,"column":24},"end":{"line":137,"column":25}},"loc":{"start":{"line":137,"column":41},"end":{"line":167,"column":1}},"line":137},"4":{"name":"(anonymous_4)","decl":{"start":{"line":169,"column":19},"end":{"line":169,"column":20}},"loc":{"start":{"line":169,"column":36},"end":{"line":183,"column":1}},"line":169}},"branchMap":{"0":{"loc":{"start":{"line":14,"column":4},"end":{"line":16,"column":5}},"type":"if","locations":[{"start":{"line":14,"column":4},"end":{"line":16,"column":5}},{"start":{},"end":{}}],"line":14},"1":{"loc":{"start":{"line":14,"column":7},"end":{"line":14,"column":41}},"type":"binary-expr","locations":[{"start":{"line":14,"column":7},"end":{"line":14,"column":13}},{"start":{"line":14,"column":17},"end":{"line":14,"column":28}},{"start":{"line":14,"column":32},"end":{"line":14,"column":41}}],"line":14},"2":{"loc":{"start":{"line":20,"column":8},"end":{"line":22,"column":9}},"type":"if","locations":[{"start":{"line":20,"column":8},"end":{"line":22,"column":9}},{"start":{},"end":{}}],"line":20},"3":{"loc":{"start":{"line":31,"column":8},"end":{"line":33,"column":37}},"type":"if","locations":[{"start":{"line":31,"column":8},"end":{"line":33,"column":37}},{"start":{"line":33,"column":14},"end":{"line":33,"column":37}}],"line":31},"4":{"loc":{"start":{"line":47,"column":4},"end":{"line":48,"column":91}},"type":"if","locations":[{"start":{"line":47,"column":4},"end":{"line":48,"column":91}},{"start":{},"end":{}}],"line":47},"5":{"loc":{"start":{"line":47,"column":8},"end":{"line":47,"column":28}},"type":"binary-expr","locations":[{"start":{"line":47,"column":8},"end":{"line":47,"column":15}},{"start":{"line":47,"column":19},"end":{"line":47,"column":28}}],"line":47},"6":{"loc":{"start":{"line":56,"column":8},"end":{"line":57,"column":90}},"type":"if","locations":[{"start":{"line":56,"column":8},"end":{"line":57,"column":90}},{"start":{},"end":{}}],"line":56},"7":{"loc":{"start":{"line":62,"column":8},"end":{"line":63,"column":91}},"type":"if","locations":[{"start":{"line":62,"column":8},"end":{"line":63,"column":91}},{"start":{},"end":{}}],"line":62},"8":{"loc":{"start":{"line":91,"column":4},"end":{"line":92,"column":81}},"type":"if","locations":[{"start":{"line":91,"column":4},"end":{"line":92,"column":81}},{"start":{},"end":{}}],"line":91},"9":{"loc":{"start":{"line":97,"column":8},"end":{"line":99,"column":9}},"type":"if","locations":[{"start":{"line":97,"column":8},"end":{"line":99,"column":9}},{"start":{},"end":{}}],"line":97},"10":{"loc":{"start":{"line":143,"column":4},"end":{"line":145,"column":5}},"type":"if","locations":[{"start":{"line":143,"column":4},"end":{"line":145,"column":5}},{"start":{},"end":{}}],"line":143},"11":{"loc":{"start":{"line":143,"column":7},"end":{"line":143,"column":43}},"type":"binary-expr","locations":[{"start":{"line":143,"column":7},"end":{"line":143,"column":13}},{"start":{"line":143,"column":15},"end":{"line":143,"column":27}},{"start":{"line":143,"column":31},"end":{"line":143,"column":43}}],"line":143},"12":{"loc":{"start":{"line":149,"column":8},"end":{"line":151,"column":9}},"type":"if","locations":[{"start":{"line":149,"column":8},"end":{"line":151,"column":9}},{"start":{},"end":{}}],"line":149},"13":{"loc":{"start":{"line":154,"column":8},"end":{"line":156,"column":9}},"type":"if","locations":[{"start":{"line":154,"column":8},"end":{"line":156,"column":9}},{"start":{},"end":{}}],"line":154},"14":{"loc":{"start":{"line":172,"column":8},"end":{"line":174,"column":9}},"type":"if","locations":[{"start":{"line":172,"column":8},"end":{"line":174,"column":9}},{"start":{},"end":{}}],"line":172},"15":{"loc":{"start":{"line":176,"column":8},"end":{"line":178,"column":9}},"type":"if","locations":[{"start":{"line":176,"column":8},"end":{"line":178,"column":9}},{"start":{},"end":{}}],"line":176}},"s":{"0":1,"1":1,"2":1,"3":1,"4":1,"5":5,"6":5,"7":5,"8":3,"9":2,"10":2,"11":2,"12":1,"13":1,"14":1,"15":1,"16":0,"17":1,"18":1,"19":0,"20":1,"21":5,"22":5,"23":5,"24":5,"25":2,"26":3,"27":3,"28":3,"29":1,"30":2,"31":2,"32":1,"33":1,"34":1,"35":0,"36":1,"37":0,"38":0,"39":0,"40":0,"41":0,"42":0,"43":0,"44":0,"45":0,"46":0,"47":0,"48":0,"49":0,"50":0,"51":0,"52":0,"53":0,"54":0,"55":0,"56":0,"57":0,"58":0,"59":1,"60":0,"61":0,"62":0,"63":0,"64":0,"65":0,"66":0,"67":0,"68":0,"69":0,"70":0,"71":0,"72":0,"73":0,"74":1,"75":0,"76":0,"77":0,"78":0,"79":0,"80":0,"81":0,"82":0,"83":0},"f":{"0":5,"1":5,"2":0,"3":0,"4":0},"b":{"0":[3,2],"1":[5,4,3],"2":[1,1],"3":[1,0],"4":[2,3],"5":[5,4],"6":[1,2],"7":[1,1],"8":[0,0],"9":[0,0],"10":[0,0],"11":[0,0,0],"12":[0,0],"13":[0,0],"14":[0,0],"15":[0,0]},"_coverageSchema":"1a1c01bbd47fc00a2c39e90264f33305004495a9","hash":"48a9e8a3a0f7a7c7c74267c6e4c3bb068424c261"}
,"C:\\Users\\nfior\\OneDrive\\Desktop\\Nicolò\\Ingegneria\\3° anno\\teamUp\\backend\\controllers\\email.js": {"path":"C:\\Users\\nfior\\OneDrive\\Desktop\\Nicolò\\Ingegneria\\3° anno\\teamUp\\backend\\controllers\\email.js","statementMap":{"0":{"start":{"line":1,"column":18},"end":{"line":1,"column":39}},"1":{"start":{"line":2,"column":14},"end":{"line":2,"column":34}},"2":{"start":{"line":5,"column":18},"end":{"line":24,"column":1}},"3":{"start":{"line":6,"column":24},"end":{"line":13,"column":6}},"4":{"start":{"line":16,"column":24},"end":{"line":21,"column":5}},"5":{"start":{"line":23,"column":4},"end":{"line":23,"column":43}},"6":{"start":{"line":27,"column":0},"end":{"line":27,"column":26}}},"fnMap":{"0":{"name":"(anonymous_0)","decl":{"start":{"line":5,"column":18},"end":{"line":5,"column":19}},"loc":{"start":{"line":5,"column":37},"end":{"line":24,"column":1}},"line":5}},"branchMap":{},"s":{"0":1,"1":1,"2":1,"3":0,"4":0,"5":0,"6":1},"f":{"0":0},"b":{},"_coverageSchema":"1a1c01bbd47fc00a2c39e90264f33305004495a9","hash":"67c8d73fef17e16e0e53930bb94d03b251f097e9"}
,"C:\\Users\\nfior\\OneDrive\\Desktop\\Nicolò\\Ingegneria\\3° anno\\teamUp\\backend\\models\\campo.js": {"path":"C:\\Users\\nfior\\OneDrive\\Desktop\\Nicolò\\Ingegneria\\3° anno\\teamUp\\backend\\models\\campo.js","statementMap":{"0":{"start":{"line":1,"column":15},"end":{"line":1,"column":35}},"1":{"start":{"line":4,"column":20},"end":{"line":28,"column":2}},"2":{"start":{"line":29,"column":0},"end":{"line":29,"column":51}}},"fnMap":{},"branchMap":{},"s":{"0":1,"1":1,"2":1},"f":{},"b":{},"_coverageSchema":"1a1c01bbd47fc00a2c39e90264f33305004495a9","hash":"641a667f8137d9db609a1bcac7afcb40f19b7f52"}
,"C:\\Users\\nfior\\OneDrive\\Desktop\\Nicolò\\Ingegneria\\3° anno\\teamUp\\backend\\models\\index.js": {"path":"C:\\Users\\nfior\\OneDrive\\Desktop\\Nicolò\\Ingegneria\\3° anno\\teamUp\\backend\\models\\index.js","statementMap":{"0":{"start":{"line":1,"column":16},"end":{"line":1,"column":35}},"1":{"start":{"line":3,"column":9},"end":{"line":3,"column":11}},"2":{"start":{"line":4,"column":0},"end":{"line":4,"column":22}},"3":{"start":{"line":6,"column":0},"end":{"line":6,"column":29}},"4":{"start":{"line":9,"column":0},"end":{"line":9,"column":18}}},"fnMap":{},"branchMap":{},"s":{"0":1,"1":1,"2":1,"3":1,"4":1},"f":{},"b":{},"_coverageSchema":"1a1c01bbd47fc00a2c39e90264f33305004495a9","hash":"271b4efa9801c9d4ae2013e985be000bc0e3aaa3"}
,"C:\\Users\\nfior\\OneDrive\\Desktop\\Nicolò\\Ingegneria\\3° anno\\teamUp\\backend\\models\\prenotazione.js": {"path":"C:\\Users\\nfior\\OneDrive\\Desktop\\Nicolò\\Ingegneria\\3° anno\\teamUp\\backend\\models\\prenotazione.js","statementMap":{"0":{"start":{"line":1,"column":16},"end":{"line":1,"column":36}},"1":{"start":{"line":2,"column":14},"end":{"line":2,"column":34}},"2":{"start":{"line":4,"column":26},"end":{"line":26,"column":2}},"3":{"start":{"line":28,"column":0},"end":{"line":28,"column":66}}},"fnMap":{},"branchMap":{},"s":{"0":1,"1":1,"2":1,"3":1},"f":{},"b":{},"_coverageSchema":"1a1c01bbd47fc00a2c39e90264f33305004495a9","hash":"68fe9bdc495933679abb3e070f9c235d70579b11"}
,"C:\\Users\\nfior\\OneDrive\\Desktop\\Nicolò\\Ingegneria\\3° anno\\teamUp\\backend\\models\\report.js": {"path":"C:\\Users\\nfior\\OneDrive\\Desktop\\Nicolò\\Ingegneria\\3° anno\\teamUp\\backend\\models\\report.js","statementMap":{"0":{"start":{"line":1,"column":16},"end":{"line":1,"column":36}},"1":{"start":{"line":2,"column":14},"end":{"line":2,"column":34}},"2":{"start":{"line":4,"column":20},"end":{"line":24,"column":2}},"3":{"start":{"line":26,"column":0},"end":{"line":26,"column":54}}},"fnMap":{},"branchMap":{},"s":{"0":1,"1":1,"2":1,"3":1},"f":{},"b":{},"_coverageSchema":"1a1c01bbd47fc00a2c39e90264f33305004495a9","hash":"46e9911722246a90ec82c36f7b9534d8ff0da73b"}
,"C:\\Users\\nfior\\OneDrive\\Desktop\\Nicolò\\Ingegneria\\3° anno\\teamUp\\backend\\models\\utente.js": {"path":"C:\\Users\\nfior\\OneDrive\\Desktop\\Nicolò\\Ingegneria\\3° anno\\teamUp\\backend\\models\\utente.js","statementMap":{"0":{"start":{"line":1,"column":16},"end":{"line":1,"column":36}},"1":{"start":{"line":2,"column":14},"end":{"line":2,"column":34}},"2":{"start":{"line":4,"column":20},"end":{"line":35,"column":2}},"3":{"start":{"line":36,"column":0},"end":{"line":44,"column":2}},"4":{"start":{"line":38,"column":4},"end":{"line":39,"column":14}},"5":{"start":{"line":39,"column":8},"end":{"line":39,"column":14}},"6":{"start":{"line":41,"column":4},"end":{"line":41,"column":53}},"7":{"start":{"line":42,"column":4},"end":{"line":42,"column":30}},"8":{"start":{"line":43,"column":8},"end":{"line":43,"column":14}},"9":{"start":{"line":46,"column":0},"end":{"line":50,"column":1}},"10":{"start":{"line":47,"column":12},"end":{"line":47,"column":57}},"11":{"start":{"line":48,"column":4},"end":{"line":48,"column":21}},"12":{"start":{"line":49,"column":4},"end":{"line":49,"column":15}},"13":{"start":{"line":52,"column":0},"end":{"line":52,"column":53}}},"fnMap":{"0":{"name":"(anonymous_0)","decl":{"start":{"line":36,"column":25},"end":{"line":36,"column":26}},"loc":{"start":{"line":36,"column":46},"end":{"line":44,"column":1}},"line":36},"1":{"name":"(anonymous_1)","decl":{"start":{"line":46,"column":36},"end":{"line":46,"column":37}},"loc":{"start":{"line":46,"column":61},"end":{"line":50,"column":1}},"line":46}},"branchMap":{"0":{"loc":{"start":{"line":38,"column":4},"end":{"line":39,"column":14}},"type":"if","locations":[{"start":{"line":38,"column":4},"end":{"line":39,"column":14}},{"start":{},"end":{}}],"line":38}},"s":{"0":1,"1":1,"2":1,"3":1,"4":1,"5":0,"6":1,"7":1,"8":1,"9":1,"10":2,"11":2,"12":2,"13":1},"f":{"0":1,"1":2},"b":{"0":[0,1]},"_coverageSchema":"1a1c01bbd47fc00a2c39e90264f33305004495a9","hash":"3b1198075089250b6cbef5a52f28653f9ab07e76"}
,"C:\\Users\\nfior\\OneDrive\\Desktop\\Nicolò\\Ingegneria\\3° anno\\teamUp\\backend\\routes\\autenticazione.js": {"path":"C:\\Users\\nfior\\OneDrive\\Desktop\\Nicolò\\Ingegneria\\3° anno\\teamUp\\backend\\routes\\autenticazione.js","statementMap":{"0":{"start":{"line":1,"column":15},"end":{"line":1,"column":34}},"1":{"start":{"line":2,"column":14},"end":{"line":2,"column":30}},"2":{"start":{"line":4,"column":24},"end":{"line":4,"column":66}},"3":{"start":{"line":7,"column":0},"end":{"line":7,"column":51}},"4":{"start":{"line":8,"column":0},"end":{"line":8,"column":61}},"5":{"start":{"line":9,"column":0},"end":{"line":9,"column":59}},"6":{"start":{"line":10,"column":0},"end":{"line":10,"column":44}},"7":{"start":{"line":13,"column":0},"end":{"line":13,"column":22}}},"fnMap":{},"branchMap":{},"s":{"0":1,"1":1,"2":1,"3":1,"4":1,"5":1,"6":1,"7":1},"f":{},"b":{},"_coverageSchema":"1a1c01bbd47fc00a2c39e90264f33305004495a9","hash":"b2f4330eda759aa6ca52988cd991af840938850f"}
,"C:\\Users\\nfior\\OneDrive\\Desktop\\Nicolò\\Ingegneria\\3° anno\\teamUp\\backend\\routes\\campi.js": {"path":"C:\\Users\\nfior\\OneDrive\\Desktop\\Nicolò\\Ingegneria\\3° anno\\teamUp\\backend\\routes\\campi.js","statementMap":{"0":{"start":{"line":1,"column":15},"end":{"line":1,"column":34}},"1":{"start":{"line":2,"column":23},"end":{"line":2,"column":64}},"2":{"start":{"line":5,"column":14},"end":{"line":5,"column":30}},"3":{"start":{"line":9,"column":0},"end":{"line":9,"column":56}},"4":{"start":{"line":10,"column":0},"end":{"line":10,"column":62}},"5":{"start":{"line":11,"column":0},"end":{"line":11,"column":48}},"6":{"start":{"line":13,"column":0},"end":{"line":13,"column":22}}},"fnMap":{},"branchMap":{},"s":{"0":1,"1":1,"2":1,"3":1,"4":1,"5":1,"6":1},"f":{},"b":{},"_coverageSchema":"1a1c01bbd47fc00a2c39e90264f33305004495a9","hash":"06fa25e10e3e4736fc16169ec6ea1ae4296d75e8"}
,"C:\\Users\\nfior\\OneDrive\\Desktop\\Nicolò\\Ingegneria\\3° anno\\teamUp\\backend\\routes\\prenotazioni.js": {"path":"C:\\Users\\nfior\\OneDrive\\Desktop\\Nicolò\\Ingegneria\\3° anno\\teamUp\\backend\\routes\\prenotazioni.js","statementMap":{"0":{"start":{"line":2,"column":16},"end":{"line":2,"column":34}},"1":{"start":{"line":3,"column":27},"end":{"line":3,"column":43}},"2":{"start":{"line":5,"column":31},"end":{"line":5,"column":79}},"3":{"start":{"line":8,"column":0},"end":{"line":8,"column":70}},"4":{"start":{"line":9,"column":0},"end":{"line":9,"column":73}},"5":{"start":{"line":11,"column":0},"end":{"line":11,"column":36}}},"fnMap":{},"branchMap":{},"s":{"0":1,"1":1,"2":1,"3":1,"4":1,"5":1},"f":{},"b":{},"_coverageSchema":"1a1c01bbd47fc00a2c39e90264f33305004495a9","hash":"09838b4a8c3efb5252b302a51cc1e1ed238aca52"}
,"C:\\Users\\nfior\\OneDrive\\Desktop\\Nicolò\\Ingegneria\\3° anno\\teamUp\\backend\\test\\mockData.js": {"path":"C:\\Users\\nfior\\OneDrive\\Desktop\\Nicolò\\Ingegneria\\3° anno\\teamUp\\backend\\test\\mockData.js","statementMap":{"0":{"start":{"line":1,"column":15},"end":{"line":1,"column":32}},"1":{"start":{"line":3,"column":17},"end":{"line":3,"column":18}},"2":{"start":{"line":5,"column":0},"end":{"line":11,"column":2}},"3":{"start":{"line":6,"column":4},"end":{"line":10,"column":5}},"4":{"start":{"line":14,"column":0},"end":{"line":21,"column":2}},"5":{"start":{"line":15,"column":4},"end":{"line":20,"column":5}},"6":{"start":{"line":27,"column":14},"end":{"line":29,"column":1}},"7":{"start":{"line":35,"column":14},"end":{"line":35,"column":16}},"8":{"start":{"line":36,"column":13},"end":{"line":40,"column":1}},"9":{"start":{"line":37,"column":4},"end":{"line":39,"column":5}},"10":{"start":{"line":37,"column":14},"end":{"line":37,"column":15}},"11":{"start":{"line":38,"column":8},"end":{"line":38,"column":31}},"12":{"start":{"line":42,"column":0},"end":{"line":47,"column":1}}},"fnMap":{"0":{"name":"(anonymous_0)","decl":{"start":{"line":5,"column":24},"end":{"line":5,"column":25}},"loc":{"start":{"line":5,"column":30},"end":{"line":11,"column":1}},"line":5},"1":{"name":"(anonymous_1)","decl":{"start":{"line":14,"column":23},"end":{"line":14,"column":24}},"loc":{"start":{"line":14,"column":29},"end":{"line":21,"column":1}},"line":14},"2":{"name":"(anonymous_2)","decl":{"start":{"line":36,"column":13},"end":{"line":36,"column":14}},"loc":{"start":{"line":36,"column":19},"end":{"line":40,"column":1}},"line":36}},"branchMap":{},"s":{"0":1,"1":1,"2":1,"3":1,"4":1,"5":0,"6":1,"7":1,"8":1,"9":0,"10":0,"11":0,"12":1},"f":{"0":1,"1":0,"2":0},"b":{},"_coverageSchema":"1a1c01bbd47fc00a2c39e90264f33305004495a9","hash":"5800ad7f8263ea96cfb17fb2110ef2d6ad6ea184"}
}
